[07/02/2016 22:07] INFO: Creating json folder...
[07/02/2016 22:07] INFO: Missing shushlist.json. Creating it...
[07/02/2016 22:07] INFO: Missing twitch.json. Creating it...
[07/02/2016 22:07] INFO: Missing economy.json. Creating it...
[07/02/2016 22:07] INFO: Missing games.json. Creating it...
[07/02/2016 22:07] INFO: Missing commands.json. Creating it...
[07/02/2016 22:07] INFO: Missing filter.json. Creating it...
[07/02/2016 22:07] INFO: Missing regex_filter.json. Creating it...
[07/02/2016 22:07] INFO: Missing blacklist.json. Creating it...
[07/02/2016 22:07] INFO: Missing settings.json. Creating it...

[07/02/2016 22:07] INFO: Settings have been saved.
[07/02/2016 22:07] INFO: Missing apis.json. Creating it...

[07/02/2016 22:07] INFO: API Settings have been saved.

[07/02/2016 22:07] INFO: Loaded 551 proverbs.
[07/02/2016 22:07] INFO: Loaded 0 lists of custom commands.
[07/02/2016 22:07] INFO: Loaded 0 lists of filtered words.
[07/02/2016 22:07] INFO: Loaded 0 blacklisted users.
[07/02/2016 22:07] INFO: Loaded 0 regex lists.
[07/02/2016 22:07] INFO: Loaded 0 silenced channels.
[07/02/2016 22:07] INFO: Loaded 0 streams to monitor.
[07/02/2016 22:07] INFO: Loaded APIs configuration.
[07/02/2016 22:07] INFO: I'm online (145995671915331584)
[07/02/2016 22:08] INFO: Track not in cache, downloading...
[07/02/2016 22:10] INFO: Track not in cache, downloading...
[07/02/2016 22:11] INFO: Starting track...
[07/02/2016 22:11] INFO: Track not in cache, downloading...
[07/02/2016 22:15] INFO: Track not in cache, downloading...
[07/02/2016 22:17] INFO: Starting track...
[07/02/2016 22:17] INFO: Track not in cache, downloading...
[07/02/2016 22:17] INFO: Starting track...
[07/02/2016 22:17] INFO: Track not in cache, downloading...
[07/02/2016 22:17] INFO: Starting track...
[07/02/2016 22:19] INFO: Track not in cache, downloading...
[07/02/2016 22:19] INFO: Starting track...
[07/02/2016 22:19] INFO: Trivia started in channel 145703014118719488
[07/02/2016 22:21] INFO: Loaded 3 proverbs.
[07/02/2016 22:21] INFO: Loaded 0 lists of custom commands.
[07/02/2016 22:21] INFO: Loaded 0 lists of filtered words.
[07/02/2016 22:21] INFO: Loaded 0 blacklisted users.
[07/02/2016 22:21] INFO: Loaded 0 regex lists.
[07/02/2016 22:21] INFO: Loaded 0 silenced channels.
[07/02/2016 22:21] INFO: Loaded 0 streams to monitor.
[07/02/2016 22:21] INFO: Loaded APIs configuration.
[07/02/2016 22:21] INFO: I'm online (145995671915331584)
